<?xml version="1.0" encoding="UTF-8" ?>
<testsuite errors="0" failures="0" hostname="takver.local" name="mockcriteria.DomainTests" tests="6" time="0.151" timestamp="2011-11-11T12:18:47">
  <properties />
  <testcase classname="mockcriteria.DomainTests" name="testEmptyFilterReturnsFullList" time="0.071" />
  <testcase classname="mockcriteria.DomainTests" name="testEqFilterOnBoolean" time="0.0080" />
  <testcase classname="mockcriteria.DomainTests" name="testEqFilterOnNumber" time="0.01" />
  <testcase classname="mockcriteria.DomainTests" name="testEqFilterOnString" time="0.012" />
  <testcase classname="mockcriteria.DomainTests" name="testMultipleEqOnSring" time="0.0090" />
  <testcase classname="mockcriteria.DomainTests" name="testGtGeLtLeOnNumber" time="0.036" />
  <system-out><![CDATA[--Output from testEmptyFilterReturnsFullList--
ELemento: mockcriteria.Domain : 1
ELemento: mockcriteria.Domain : 2
ELemento: mockcriteria.Domain : 3
ELemento: mockcriteria.Domain : 4
--Output from testEqFilterOnBoolean--
ELemento: mockcriteria.Domain : 1
ELemento: mockcriteria.Domain : 2
ELemento: mockcriteria.Domain : 3
ELemento: mockcriteria.Domain : 4
--Output from testEqFilterOnNumber--
ELemento: mockcriteria.Domain : 1
ELemento: mockcriteria.Domain : 2
ELemento: mockcriteria.Domain : 3
ELemento: mockcriteria.Domain : 4
--Output from testEqFilterOnString--
ELemento: mockcriteria.Domain : 1
ELemento: mockcriteria.Domain : 2
ELemento: mockcriteria.Domain : 3
ELemento: mockcriteria.Domain : 4
--Output from testMultipleEqOnSring--
ELemento: mockcriteria.Domain : 1
ELemento: mockcriteria.Domain : 2
ELemento: mockcriteria.Domain : 3
ELemento: mockcriteria.Domain : 4
--Output from testGtGeLtLeOnNumber--
ELemento: mockcriteria.Domain : 1
ELemento: mockcriteria.Domain : 2
ELemento: mockcriteria.Domain : 3
ELemento: mockcriteria.Domain : 4
ELemento: mockcriteria.Domain : 1
ELemento: mockcriteria.Domain : 2
ELemento: mockcriteria.Domain : 3
ELemento: mockcriteria.Domain : 4
ELemento: mockcriteria.Domain : 1
ELemento: mockcriteria.Domain : 2
ELemento: mockcriteria.Domain : 3
ELemento: mockcriteria.Domain : 4
ELemento: mockcriteria.Domain : 1
ELemento: mockcriteria.Domain : 2
ELemento: mockcriteria.Domain : 3
ELemento: mockcriteria.Domain : 4
]]></system-out>
  <system-err><![CDATA[--Output from testEmptyFilterReturnsFullList--
--Output from testEqFilterOnBoolean--
--Output from testEqFilterOnNumber--
--Output from testEqFilterOnString--
--Output from testMultipleEqOnSring--
--Output from testGtGeLtLeOnNumber--
]]></system-err>
</testsuite>
